<?xml version="1.0" encoding="UTF-8"?>
<testsuite name="simpleCalculatorTest" tests="1" skipped="0" failures="0" errors="0" timestamp="2023-09-21T11:45:23" hostname="ICT-097L" time="0.017">
  <properties/>
  <testcase name="simpleTestCase()" classname="simpleCalculatorTest" time="0.017"/>
  <system-out><![CDATA[]]></system-out>
  <system-err><![CDATA[]]></system-err>
</testsuite>
